This is pdfTeX, Version 3.141592653-2.6-1.40.22 (TeX Live 2021) (preloaded format=pdflatex 2021.11.12)  27 NOV 2024 13:41
entering extended mode
 restricted \write18 enabled.
 file:line:error style messages enabled.
 %&-line parsing enabled.
**/Users/apple/Desktop/Project/souturon_lieToGain?/tex/results.tex
(/Users/apple/Desktop/Project/souturon_lieToGain?/tex/results.tex
LaTeX2e <2020-10-01> patch level 4
L3 programming layer <2021-02-18> (/usr/local/texlive/2021/texmf-dist/tex/latex/base/article.cls
Document Class: article 2020/04/10 v1.4m Standard LaTeX document class
(/usr/local/texlive/2021/texmf-dist/tex/latex/base/size10.clo
File: size10.clo 2020/04/10 v1.4m Standard LaTeX file (size option)
)
\c@part=\count179
\c@section=\count180
\c@subsection=\count181
\c@subsubsection=\count182
\c@paragraph=\count183
\c@subparagraph=\count184
\c@figure=\count185
\c@table=\count186
\abovecaptionskip=\skip47
\belowcaptionskip=\skip48
\bibindent=\dimen138
) (/usr/local/texlive/2021/texmf-dist/tex/latex/amsmath/amsmath.sty
Package: amsmath 2020/09/23 v2.17i AMS math features
\@mathmargin=\skip49

For additional information on amsmath, use the `?' option.
(/usr/local/texlive/2021/texmf-dist/tex/latex/amsmath/amstext.sty
Package: amstext 2000/06/29 v2.01 AMS text
 (/usr/local/texlive/2021/texmf-dist/tex/latex/amsmath/amsgen.sty
File: amsgen.sty 1999/11/30 v2.0 generic functions
\@emptytoks=\toks15
\ex@=\dimen139
)) (/usr/local/texlive/2021/texmf-dist/tex/latex/amsmath/amsbsy.sty
Package: amsbsy 1999/11/29 v1.2d Bold Symbols
\pmbraise@=\dimen140
) (/usr/local/texlive/2021/texmf-dist/tex/latex/amsmath/amsopn.sty
Package: amsopn 2016/03/08 v2.02 operator names
)
\inf@bad=\count187
LaTeX Info: Redefining \frac on input line 234.
\uproot@=\count188
\leftroot@=\count189
LaTeX Info: Redefining \overline on input line 399.
\classnum@=\count190
\DOTSCASE@=\count191
LaTeX Info: Redefining \ldots on input line 496.
LaTeX Info: Redefining \dots on input line 499.
LaTeX Info: Redefining \cdots on input line 620.
\Mathstrutbox@=\box47
\strutbox@=\box48
\big@size=\dimen141
LaTeX Font Info:    Redeclaring font encoding OML on input line 743.
LaTeX Font Info:    Redeclaring font encoding OMS on input line 744.
\macc@depth=\count192
\c@MaxMatrixCols=\count193
\dotsspace@=\muskip16
\c@parentequation=\count194
\dspbrk@lvl=\count195
\tag@help=\toks16
\row@=\count196
\column@=\count197
\maxfields@=\count198
\andhelp@=\toks17
\eqnshift@=\dimen142
\alignsep@=\dimen143
\tagshift@=\dimen144
\tagwidth@=\dimen145
\totwidth@=\dimen146
\lineht@=\dimen147
\@envbody=\toks18
\multlinegap=\skip50
\multlinetaggap=\skip51
\mathdisplay@stack=\toks19
LaTeX Info: Redefining \[ on input line 2923.
LaTeX Info: Redefining \] on input line 2924.
) (/usr/local/texlive/2021/texmf-dist/tex/latex/graphics/graphicx.sty
Package: graphicx 2020/09/09 v1.2b Enhanced LaTeX Graphics (DPC,SPQR)
 (/usr/local/texlive/2021/texmf-dist/tex/latex/graphics/keyval.sty
Package: keyval 2014/10/28 v1.15 key=value parser (DPC)
\KV@toks@=\toks20
) (/usr/local/texlive/2021/texmf-dist/tex/latex/graphics/graphics.sty
Package: graphics 2020/08/30 v1.4c Standard LaTeX Graphics (DPC,SPQR)
 (/usr/local/texlive/2021/texmf-dist/tex/latex/graphics/trig.sty
Package: trig 2016/01/03 v1.10 sin cos tan (DPC)
) (/usr/local/texlive/2021/texmf-dist/tex/latex/graphics-cfg/graphics.cfg
File: graphics.cfg 2016/06/04 v1.11 sample graphics configuration
)
Package graphics Info: Driver file: pdftex.def on input line 105.
 (/usr/local/texlive/2021/texmf-dist/tex/latex/graphics-def/pdftex.def
File: pdftex.def 2020/10/05 v1.2a Graphics/color driver for pdftex
))
\Gin@req@height=\dimen148
\Gin@req@width=\dimen149
) (/usr/local/texlive/2021/texmf-dist/tex/latex/booktabs/booktabs.sty
Package: booktabs 2020/01/12 v1.61803398 Publication quality tables
\heavyrulewidth=\dimen150
\lightrulewidth=\dimen151
\cmidrulewidth=\dimen152
\belowrulesep=\dimen153
\belowbottomsep=\dimen154
\aboverulesep=\dimen155
\abovetopsep=\dimen156
\cmidrulesep=\dimen157
\cmidrulekern=\dimen158
\defaultaddspace=\dimen159
\@cmidla=\count199
\@cmidlb=\count266
\@aboverulesep=\dimen160
\@belowrulesep=\dimen161
\@thisruleclass=\count267
\@lastruleclass=\count268
\@thisrulewidth=\dimen162
) (/usr/local/texlive/2021/texmf-dist/tex/latex/l3backend/l3backend-pdftex.def
File: l3backend-pdftex.def 2021-03-18 L3 backend support: PDF output (pdfTeX)
\l__color_backend_stack_int=\count269
\l__pdf_internal_box=\box49
) (/Users/apple/Desktop/Project/souturon_lieToGain?/tex/results.aux)
\openout1 = `results.aux'.

LaTeX Font Info:    Checking defaults for OML/cmm/m/it on input line 10.
LaTeX Font Info:    ... okay on input line 10.
LaTeX Font Info:    Checking defaults for OMS/cmsy/m/n on input line 10.
LaTeX Font Info:    ... okay on input line 10.
LaTeX Font Info:    Checking defaults for OT1/cmr/m/n on input line 10.
LaTeX Font Info:    ... okay on input line 10.
LaTeX Font Info:    Checking defaults for T1/cmr/m/n on input line 10.
LaTeX Font Info:    ... okay on input line 10.
LaTeX Font Info:    Checking defaults for TS1/cmr/m/n on input line 10.
LaTeX Font Info:    ... okay on input line 10.
LaTeX Font Info:    Checking defaults for OMX/cmex/m/n on input line 10.
LaTeX Font Info:    ... okay on input line 10.
LaTeX Font Info:    Checking defaults for U/cmr/m/n on input line 10.
LaTeX Font Info:    ... okay on input line 10.
 (/usr/local/texlive/2021/texmf-dist/tex/context/base/mkii/supp-pdf.mkii
[Loading MPS to PDF converter (version 2006.09.02).]
\scratchcounter=\count270
\scratchdimen=\dimen163
\scratchbox=\box50
\nofMPsegments=\count271
\nofMParguments=\count272
\everyMPshowfont=\toks21
\MPscratchCnt=\count273
\MPscratchDim=\dimen164
\MPnumerator=\count274
\makeMPintoPDFobject=\count275
\everyMPtoPDFconversion=\toks22
) (/usr/local/texlive/2021/texmf-dist/tex/latex/epstopdf-pkg/epstopdf-base.sty
Package: epstopdf-base 2020-01-24 v2.11 Base part for package epstopdf
Package epstopdf-base Info: Redefining graphics rule for `.eps' on input line 485.
 (/usr/local/texlive/2021/texmf-dist/tex/latex/latexconfig/epstopdf-sys.cfg
File: epstopdf-sys.cfg 2010/07/13 v1.3 Configuration of (r)epstopdf for TeX Live
)) [1

{/usr/local/texlive/2021/texmf-var/fonts/map/pdftex/updmap/pdftex.map}]
<3*3.png, id=14, 784.9325pt x 736.7525pt>
File: 3*3.png Graphic file (type png)
<use 3*3.png>
Package pdftex.def Info: 3*3.png  used on input line 50.
(pdftex.def)             Requested size: 241.49895pt x 226.6709pt.
 [2 </Users/apple/Desktop/Project/souturon_lieToGain?/tex/3*3.png>]
<4*4.png, id=21, 934.49126pt x 832.10875pt>
File: 4*4.png Graphic file (type png)
<use 4*4.png>
Package pdftex.def Info: 4*4.png  used on input line 101.
(pdftex.def)             Requested size: 241.49895pt x 215.03539pt.


LaTeX Warning: `h' float specifier changed to `ht'.

[3]
Overfull \hbox (6.37764pt too wide) in paragraph at lines 129--130
[]\OT1/cmr/m/n/10 This re-sults in first-round match-ing: $\OML/cmm/m/it/10 ^^V[] \OT1/cmr/m/n/10 = \OMS/cmsy/m/n/10 f\OT1/cmr/m/n/10 (\OML/cmm/m/it/10 s[]; c[]\OT1/cmr/m/n/10 )\OML/cmm/m/it/10 ; \OT1/cmr/m/n/10 (\OML/cmm/m/it/10 s[]; c[]\OT1/cmr/m/n/10 )\OML/cmm/m/it/10 ; \OT1/cmr/m/n/10 (\OML/cmm/m/it/10 s[]; c[]\OT1/cmr/m/n/10 )\OML/cmm/m/it/10 ; \OT1/cmr/m/n/10 (\OML/cmm/m/it/10 s[]; c[]\OT1/cmr/m/n/10 )\OMS/cmsy/m/n/10 g$ 
 []

[4 </Users/apple/Desktop/Project/souturon_lieToGain?/tex/4*4.png>]
<4*4case2.png, id=30, 639.38875pt x 678.535pt>
File: 4*4case2.png Graphic file (type png)
<use 4*4case2.png>
Package pdftex.def Info: 4*4case2.png  used on input line 147.
(pdftex.def)             Requested size: 241.49895pt x 256.28258pt.
 [5 </Users/apple/Desktop/Project/souturon_lieToGain?/tex/4*4case2.png>] [6] [7]
Overfull \hbox (17.24684pt too wide) in paragraph at lines 377--377
[]    \OT1/cmtt/m/n/10 def generate_all_preferences(self) -> Dict[str, List[List[str]]]:[] 
 []


Overfull \hbox (6.74693pt too wide) in paragraph at lines 377--377
[]        \OT1/cmtt/m/n/10 max_school_perms = 6  # Limit number of school permutations[] 
 []


Overfull \hbox (17.24684pt too wide) in paragraph at lines 377--377
[]        \OT1/cmtt/m/n/10 max_student_perms = 6  # Limit number of student permutations[] 
 []


Overfull \hbox (179.99542pt too wide) in paragraph at lines 377--377
[]        \OT1/cmtt/m/n/10 sampled_school_perms = random.sample(school_perms, min(max_school_perms, len(school_perms)))[] 
 []


Overfull \hbox (200.99524pt too wide) in paragraph at lines 377--377
[]        \OT1/cmtt/m/n/10 sampled_student_perms = random.sample(student_perms, min(max_student_perms, len(student_perms)))[] 
 []

[8]
Overfull \hbox (69.74638pt too wide) in paragraph at lines 377--377
[]            \OT1/cmtt/m/n/10 print("Student-school preference sample:", sampled_school_perms[0])[] 
 []


Overfull \hbox (74.99634pt too wide) in paragraph at lines 377--377
[]            \OT1/cmtt/m/n/10 print("School-student preference sample:", sampled_student_perms[0])[] 
 []


Overfull \hbox (43.49661pt too wide) in paragraph at lines 377--377
[]                    \OT1/cmtt/m/n/10 school_prefs: Dict[str, List[str]]) -> Dict[str, str]:[] 
 []


Overfull \hbox (1.49698pt too wide) in paragraph at lines 377--377
[]        \OT1/cmtt/m/n/10 school_matches = {school: None for school in self.schools}[] 
 []


Overfull \hbox (17.24684pt too wide) in paragraph at lines 377--377
[]        \OT1/cmtt/m/n/10 student_proposals = {student: 0 for student in self.students}[] 
 []


Overfull \hbox (1.49698pt too wide) in paragraph at lines 377--377
[]            \OT1/cmtt/m/n/10 print(f"Initial student preferences: {student_prefs}")[] 
 []


Overfull \hbox (1.49698pt too wide) in paragraph at lines 377--377
[]                \OT1/cmtt/m/n/10 print(f"Unmatched students: {unmatched_students}")[] 
 []


Overfull \hbox (1.49698pt too wide) in paragraph at lines 377--377
[]                \OT1/cmtt/m/n/10 print(f"Current school matches: {school_matches}")[] 
 []


Overfull \hbox (22.4968pt too wide) in paragraph at lines 377--377
[]            \OT1/cmtt/m/n/10 # Collect proposals from all unmatched students this round[] 
 []


Overfull \hbox (59.24648pt too wide) in paragraph at lines 377--377
[]                \OT1/cmtt/m/n/10 # If student has proposed to all schools, add to removal list[] 
 []


Overfull \hbox (6.74693pt too wide) in paragraph at lines 377--377
[]                \OT1/cmtt/m/n/10 if student_proposals[student] >= len(self.schools):[] 
 []


Overfull \hbox (27.74675pt too wide) in paragraph at lines 377--377
[]                        \OT1/cmtt/m/n/10 print(f"{student} has proposed to all schools")[] 
 []


Overfull \hbox (48.74657pt too wide) in paragraph at lines 377--377
[]                \OT1/cmtt/m/n/10 school = student_prefs[student][student_proposals[student]][] 
 []

[9]
Overfull \hbox (53.99652pt too wide) in paragraph at lines 377--377
[]                \OT1/cmtt/m/n/10 applicants.sort(key=lambda x: school_prefs[school].index(x))[] 
 []


Overfull \hbox (38.24666pt too wide) in paragraph at lines 377--377
[]                    \OT1/cmtt/m/n/10 # If current match is replaced, add back to unmatched[] 
 []


Overfull \hbox (206.2452pt too wide) in paragraph at lines 377--377
[]                            \OT1/cmtt/m/n/10 print(f"{school} accepts {best_applicant}, rejects {school_matches[school]}")[] 
 []


Overfull \hbox (38.24666pt too wide) in paragraph at lines 377--377
[]                        \OT1/cmtt/m/n/10 unmatched_students.append(school_matches[school])[] 
 []


Overfull \hbox (27.74675pt too wide) in paragraph at lines 377--377
[]                            \OT1/cmtt/m/n/10 print(f"{school} accepts {best_applicant}")[] 
 []


Overfull \hbox (1.49698pt too wide) in paragraph at lines 377--377
[]                    \OT1/cmtt/m/n/10 if rejected_student != school_matches[school]:[] 
 []


Overfull \hbox (38.24666pt too wide) in paragraph at lines 377--377
[]                            \OT1/cmtt/m/n/10 print(f"{school} rejects {rejected_student}")[] 
 []


Overfull \hbox (116.99597pt too wide) in paragraph at lines 377--377
[]        \OT1/cmtt/m/n/10 final_matching = {student: school for school, student in school_matches.items()}[] 
 []

[10]
Overfull \hbox (74.99634pt too wide) in paragraph at lines 377--377
[]    \OT1/cmtt/m/n/10 def generate_updated_preferences(self, first_round_matching: Dict[str, str],[] 
 []


Overfull \hbox (195.74529pt too wide) in paragraph at lines 377--377
[]                                   \OT1/cmtt/m/n/10 original_prefs: Dict[str, List[str]]) -> Dict[str, List[List[str]]]:[] 
 []


Overfull \hbox (6.74693pt too wide) in paragraph at lines 377--377
[]        \OT1/cmtt/m/n/10 """Generate possible preference updates for second round"""[] 
 []


Overfull \hbox (1.49698pt too wide) in paragraph at lines 377--377
[]            \OT1/cmtt/m/n/10 print(f"First round matching: {first_round_matching}")[] 
 []


Overfull \hbox (22.4968pt too wide) in paragraph at lines 377--377
[]            \OT1/cmtt/m/n/10 matched_school_index = original_pref.index(matched_school)[] 
 []


Overfull \hbox (17.24684pt too wide) in paragraph at lines 377--377
[]                \OT1/cmtt/m/n/10 print(f"\nProcessing {student}'s preference update:")[] 
 []


Overfull \hbox (80.24629pt too wide) in paragraph at lines 377--377
[]                \OT1/cmtt/m/n/10 print(f"Position in original preference: {matched_school_index}")[] 
 []


Overfull \hbox (11.99689pt too wide) in paragraph at lines 377--377
[]            \OT1/cmtt/m/n/10 # For each possible new position (from current to front)[] 
 []


Overfull \hbox (137.99579pt too wide) in paragraph at lines 377--377
[]                \OT1/cmtt/m/n/10 print(f"{student}'s possible updated preferences: {updated_prefs[student]}")[] 
 []


Overfull \hbox (64.49643pt too wide) in paragraph at lines 377--377
[]                \OT1/cmtt/m/n/10 print(f"Total {len(updated_prefs[student])} possible updates")[] 
 []

[11]
Overfull \hbox (43.49661pt too wide) in paragraph at lines 678--678
[]        \OT1/cmtt/m/n/10 all_prefs['c1'], all_prefs['c2'], all_prefs['c3'], all_prefs['c4'][] 
 []


Overfull \hbox (106.49606pt too wide) in paragraph at lines 678--678
[]                                       \OT1/cmtt/m/n/10 min(sample_size, len(preference_combinations)))[] 
 []


Overfull \hbox (279.74455pt too wide) in paragraph at lines 678--678
[]    \OT1/cmtt/m/n/10 for case_index, (s2_pref, s3_pref, s4_pref, c1_pref, c2_pref, c3_pref, c4_pref) in enumerate(sampled_combinations):[] 
 []

[12]
Overfull \hbox (53.99652pt too wide) in paragraph at lines 678--678
[]        \OT1/cmtt/m/n/10 honest_first_matching = sim.da_algorithm(honest_prefs, school_prefs)[] 
 []


Overfull \hbox (1.49698pt too wide) in paragraph at lines 678--678
[]        \OT1/cmtt/m/n/10 # Sample false preferences for s1, further reduce quantity[] 
 []


Overfull \hbox (164.24556pt too wide) in paragraph at lines 678--678
[]                                       \OT1/cmtt/m/n/10 min(3, len(all_prefs['s1'])))  # Only test 3 false reports[] 
 []

[13]
Overfull \hbox (43.49661pt too wide) in paragraph at lines 678--678
[]            \OT1/cmtt/m/n/10 # Skip this strategy if first round matching is same as honest[] 
 []


Overfull \hbox (27.74675pt too wide) in paragraph at lines 678--678
[]            \OT1/cmtt/m/n/10 strategic_updated_prefs = sim.generate_updated_preferences([] 
 []


Overfull \hbox (1.49698pt too wide) in paragraph at lines 678--678
[]            \OT1/cmtt/m/n/10 # Further limit preference update sampling per student[] 
 []


Overfull \hbox (38.24666pt too wide) in paragraph at lines 678--678
[]            \OT1/cmtt/m/n/10 max_updates_per_student = 1  # Test only 1 update per student[] 
 []


Overfull \hbox (1.49698pt too wide) in paragraph at lines 678--678
[]                \OT1/cmtt/m/n/10 's2': random.sample(strategic_updated_prefs['s2'],[] 
 []


Overfull \hbox (179.99542pt too wide) in paragraph at lines 678--678
[]                                  \OT1/cmtt/m/n/10 min(max_updates_per_student, len(strategic_updated_prefs['s2']))),[] 
 []


Overfull \hbox (1.49698pt too wide) in paragraph at lines 678--678
[]                \OT1/cmtt/m/n/10 's3': random.sample(strategic_updated_prefs['s3'],[] 
 []


Overfull \hbox (179.99542pt too wide) in paragraph at lines 678--678
[]                                  \OT1/cmtt/m/n/10 min(max_updates_per_student, len(strategic_updated_prefs['s3']))),[] 
 []


Overfull \hbox (1.49698pt too wide) in paragraph at lines 678--678
[]                \OT1/cmtt/m/n/10 's4': random.sample(strategic_updated_prefs['s4'],[] 
 []


Overfull \hbox (174.74547pt too wide) in paragraph at lines 678--678
[]                                  \OT1/cmtt/m/n/10 min(max_updates_per_student, len(strategic_updated_prefs['s4'])))[] 
 []


Overfull \hbox (116.99597pt too wide) in paragraph at lines 678--678
[]                        \OT1/cmtt/m/n/10 # Run second round with false reporting (using true preferences)[] 
 []

[14]
Overfull \hbox (17.24684pt too wide) in paragraph at lines 678--678
[]                        \OT1/cmtt/m/n/10 strategic_second_matching = sim.da_algorithm([] 
 []


Overfull \hbox (27.74675pt too wide) in paragraph at lines 678--678
[]                            \OT1/cmtt/m/n/10 strategic_second_round_prefs, school_prefs)[] 
 []


Overfull \hbox (11.99689pt too wide) in paragraph at lines 678--678
[]                        \OT1/cmtt/m/n/10 # Record each possible second round scenario[] 
 []


Overfull \hbox (74.99634pt too wide) in paragraph at lines 678--678
[]                            \OT1/cmtt/m/n/10 "updated_preferences": strategic_second_round_prefs,[] 
 []


Overfull \hbox (127.49588pt too wide) in paragraph at lines 678--678
[]                        \OT1/cmtt/m/n/10 # Check if better result obtained (compared to honest first round)[] 
 []


Overfull \hbox (6.74693pt too wide) in paragraph at lines 678--678
[]                        \OT1/cmtt/m/n/10 honest_school = honest_first_matching['s1'][] 
 []


Overfull \hbox (74.99634pt too wide) in paragraph at lines 678--678
[]                        \OT1/cmtt/m/n/10 strategic_final_school = strategic_second_matching['s1'][] 
 []


Overfull \hbox (27.74675pt too wide) in paragraph at lines 678--678
[]                            \OT1/cmtt/m/n/10 "strategic_result": strategic_final_school,[] 
 []


Overfull \hbox (148.4957pt too wide) in paragraph at lines 678--678
[]                            \OT1/cmtt/m/n/10 "is_beneficial": (sim.s1_true_pref.index(strategic_final_school) <[] 
 []


Overfull \hbox (85.49625pt too wide) in paragraph at lines 678--678
[]                                            \OT1/cmtt/m/n/10 sim.s1_true_pref.index(honest_school))[] 
 []


Overfull \hbox (169.49551pt too wide) in paragraph at lines 678--678
[]                        \OT1/cmtt/m/n/10 strategic_scenario["second_round_scenarios"].append(second_round_scenario)[] 
 []


Overfull \hbox (27.74675pt too wide) in paragraph at lines 678--678
[]            \OT1/cmtt/m/n/10 case_data["strategic_scenarios"].append(strategic_scenario)[] 
 []


Overfull \hbox (6.74693pt too wide) in paragraph at lines 678--678
[]            \OT1/cmtt/m/n/10 for second_round in strategy["second_round_scenarios"]:[] 
 []

[15]
Overfull \hbox (6.74693pt too wide) in paragraph at lines 678--678
[]        \OT1/cmtt/m/n/10 json.dump(simulation_data, f, indent=2, ensure_ascii=False)[] 
 []


Overfull \hbox (6.74693pt too wide) in paragraph at lines 678--678
[]            \OT1/cmtt/m/n/10 for second_round in strategy["second_round_scenarios"]:[] 
 []


Overfull \hbox (1.49698pt too wide) in paragraph at lines 678--678
[]    \OT1/cmtt/m/n/10 print(f"Beneficial strategic cases found: {beneficial_cases}")[] 
 []


Overfull \hbox (69.74638pt too wide) in paragraph at lines 678--678
[]    \OT1/cmtt/m/n/10 print(f"Beneficial strategy ratio: {beneficial_cases/total_scenarios:.2%}")[] 
 []


Overfull \hbox (6.74693pt too wide) in paragraph at lines 678--678
[]            \OT1/cmtt/m/n/10 for second_round in strategy["second_round_scenarios"]:[] 
 []


Overfull \hbox (6.74693pt too wide) in paragraph at lines 678--678
[]                        \OT1/cmtt/m/n/10 "honest_scenario": case["honest_scenario"],[] 
 []


Overfull \hbox (59.24648pt too wide) in paragraph at lines 678--678
[]                            \OT1/cmtt/m/n/10 "false_preference": strategy["false_preference"],[] 
 []


Overfull \hbox (6.74693pt too wide) in paragraph at lines 678--678
[]                            \OT1/cmtt/m/n/10 "first_round": strategy["first_round"],[] 
 []


Overfull \hbox (6.74693pt too wide) in paragraph at lines 678--678
[]                            \OT1/cmtt/m/n/10 "beneficial_second_round": second_round[] 
 []

[16]
Overfull \hbox (11.99689pt too wide) in paragraph at lines 678--678
[]                    \OT1/cmtt/m/n/10 with open(filename, 'w', encoding='utf-8') as f:[] 
 []


Overfull \hbox (90.7462pt too wide) in paragraph at lines 678--678
[]                        \OT1/cmtt/m/n/10 json.dump(beneficial_case, f, indent=2, ensure_ascii=False)[] 
 []


Overfull \hbox (85.49625pt too wide) in paragraph at lines 678--678
[]                    \OT1/cmtt/m/n/10 print(f"Found first beneficial case and saved to: {filename}")[] 
 []


Overfull \hbox (6.74693pt too wide) in paragraph at lines 678--678
[]            \OT1/cmtt/m/n/10 for second_round in strategy["second_round_scenarios"]:[] 
 []


Overfull \hbox (38.24666pt too wide) in paragraph at lines 678--678
[]                        \OT1/cmtt/m/n/10 "false_preference": strategy["false_preference"],[] 
 []


Overfull \hbox (17.24684pt too wide) in paragraph at lines 678--678
[]                    \OT1/cmtt/m/n/10 beneficial_strategies.append(beneficial_strategy)[] 
 []

[17]
Overfull \hbox (6.74693pt too wide) in paragraph at lines 678--678
[]                    \OT1/cmtt/m/n/10 "total_beneficial_cases": len(beneficial_cases)[] 
 []


Overfull \hbox (122.24593pt too wide) in paragraph at lines 678--678
[]        \OT1/cmtt/m/n/10 print(f"Found {len(beneficial_cases)} beneficial cases and saved to: {filename}")[] 
 []

[18] (/Users/apple/Desktop/Project/souturon_lieToGain?/tex/results.aux) ) 
Here is how much of TeX's memory you used:
 1911 strings out of 478994
 26983 string characters out of 5858183
 336467 words of memory out of 5000000
 19405 multiletter control sequences out of 15000+600000
 409316 words of font info for 48 fonts, out of 8000000 for 9000
 1141 hyphenation exceptions out of 8191
 68i,6n,74p,620b,264s stack positions out of 5000i,500n,10000p,200000b,80000s
{/usr/local/texlive/2021/texmf-dist/fonts/enc/dvips/cm-super/cm-super-ts1.enc}</usr/local/texlive/2021/texmf-dist/fonts/type1/public/amsfonts/cm/cmbx10.pfb></usr/local/texlive/2021/texmf-dist/fonts/type1/public/amsfonts/cm/cmbx12.pfb></usr/local/texlive/2021/texmf-dist/fonts/type1/public/amsfonts/cm/cmmi10.pfb></usr/local/texlive/2021/texmf-dist/fonts/type1/public/amsfonts/cm/cmr10.pfb></usr/local/texlive/2021/texmf-dist/fonts/type1/public/amsfonts/cm/cmr12.pfb></usr/local/texlive/2021/texmf-dist/fonts/type1/public/amsfonts/cm/cmr17.pfb></usr/local/texlive/2021/texmf-dist/fonts/type1/public/amsfonts/cm/cmr7.pfb></usr/local/texlive/2021/texmf-dist/fonts/type1/public/amsfonts/cm/cmsy10.pfb></usr/local/texlive/2021/texmf-dist/fonts/type1/public/amsfonts/cm/cmsy7.pfb></usr/local/texlive/2021/texmf-dist/fonts/type1/public/amsfonts/cm/cmtt10.pfb></usr/local/texlive/2021/texmf-dist/fonts/type1/public/cm-super/sfrm1000.pfb>
Output written on /Users/apple/Desktop/Project/souturon_lieToGain?/tex/results.pdf (18 pages, 524633 bytes).
PDF statistics:
 114 PDF objects out of 1000 (max. 8388607)
 76 compressed objects within 1 object stream
 0 named destinations out of 1000 (max. 500000)
 16 words of extra memory for PDF output out of 10000 (max. 10000000)

